--- Job TS_WS.gms Start 04/29/25 19:08:45 49.1.0 5c4d4ed6 WEX-WEI x86 64bit/MS Windows
--- Applying:
    C:\GAMS\49\gmsprmNT.txt
--- GAMS Parameters defined
    Input C:\projekt\TS\TS_WS.gms
    PageSize 0
    ScrDir C:\projekt\TS\225a\
    SysDir C:\GAMS\49\
    LogOption 3
    ErrMsg 1
    ErrorLog 99
    IDE 1
    LstTitleLeftAligned 1
Licensee: GAMS Demo, for EULA and demo limitations see   G250131/0001CB-GEN
          https://www.gams.com/latest/docs/UG%5FLicense.html         DC0000
          C:\GAMS\49\gamslice.txt
          Demo license for demonstration and instructional purposes only
System information: 12 physical cores and 16 Gb memory detected
GAMS 49.1.0   Copyright (C) 1987-2025 GAMS Development. All rights reserved
--- Starting compilation
--- TS_WS.gms(116) 3 Mb
--- Starting execution: elapsed 0:00:00.004
--- TS_WS.gms(53) 4 Mb
--- Generating LP model vyroba
--- TS_WS.gms(54) 4 Mb
---   15 rows  12 columns  45 non-zeroes
--- Range statistics (absolute non-zero finite values)
--- RHS       [min, max] : [ 2.000E+01, 4.500E+03] - Zero values observed as well
--- Bound     [min, max] : [ 1.000E+02, 1.000E+02] - Zero values observed as well
--- Matrix    [min, max] : [ 1.000E+00, 1.500E+02]
--- Executing CPLEX (Solvelink=2): elapsed 0:00:00.009

IBM ILOG CPLEX   49.1.0 5c4d4ed6 Feb 15, 2025          WEI x86 64bit/MS Window

*** This solver runs with a demo license. No commercial use.
--- GMO setup time: 0.00s
--- GMO memory 0.50 Mb (peak 0.50 Mb)
--- Dictionary memory 0.00 Mb
--- Cplex 22.1.2.0 link memory 0.00 Mb (peak 0.00 Mb)
--- Starting Cplex

Version identifier: 22.1.2.0 | 2024-11-25 | 0edbb82fd
CPXPARAM_Advance                                 0
CPXPARAM_Simplex_Display                         2
CPXPARAM_MIP_Display                             4
CPXPARAM_MIP_Pool_Capacity                       0
CPXPARAM_MIP_Tolerances_AbsMIPGap                0
Tried aggregator 1 time.
LP Presolve eliminated 9 rows and 2 columns.
Reduced LP has 5 rows, 10 columns, and 22 nonzeros.
Presolve time = 0.00 sec. (0.01 ticks)
Initializing dual steep norms . . .

Iteration      Dual Objective            In Variable           Out Variable
     1           21697.500000                   x(3)                  yp(4)
     2           20285.000000                   x(2)                  yp(2)
     3           20098.684211                   x(1)                  yp(3)
     4           19987.500000                  yp(3)                  yp(1)

--- LP status (1): optimal.
--- Cplex Time: 0.00sec (det. 0.03 ticks)


Optimal solution found
Objective:        19987.500000

--- Reading solution for model vyroba
--- Executing after solve: elapsed 0:00:00.042
--- TS_WS.gms(72) 4 Mb
--- Generating LP model vyroba
--- TS_WS.gms(76) 4 Mb
--- LOOPS s = 1
---   15 rows  12 columns  45 non-zeroes
--- Range statistics (absolute non-zero finite values)
--- RHS       [min, max] : [ 2.000E+01, 4.500E+03] - Zero values observed as well
--- Bound     [min, max] : [ 1.000E+02, 1.000E+02] - Zero values observed as well
--- Matrix    [min, max] : [ 1.000E+00, 1.500E+02]
--- Executing CPLEX (Solvelink=2): elapsed 0:00:00.045

IBM ILOG CPLEX   49.1.0 5c4d4ed6 Feb 15, 2025          WEI x86 64bit/MS Window

*** This solver runs with a demo license. No commercial use.
--- GMO setup time: 0.00s
--- GMO memory 0.50 Mb (peak 0.50 Mb)
--- Dictionary memory 0.00 Mb
--- Cplex 22.1.2.0 link memory 0.00 Mb (peak 0.00 Mb)
--- Starting Cplex

Version identifier: 22.1.2.0 | 2024-11-25 | 0edbb82fd
CPXPARAM_Advance                                 2
CPXPARAM_Simplex_Display                         2
CPXPARAM_MIP_Display                             4
CPXPARAM_MIP_Pool_Capacity                       0
CPXPARAM_MIP_Tolerances_AbsMIPGap                0
Tried aggregator 1 time.
LP Presolve eliminated 9 rows and 2 columns.
Reduced LP has 5 rows, 10 columns, and 22 nonzeros.
Presolve time = 0.00 sec. (0.01 ticks)
Using devex.

--- LP status (1): optimal.
--- Cplex Time: 0.00sec (det. 0.03 ticks)


Optimal solution found
Objective:        19987.500000

--- Reading solution for model vyroba
--- Executing after solve: elapsed 0:00:00.074
--- TS_WS.gms(72) 4 Mb
--- Generating LP model vyroba
--- TS_WS.gms(76) 4 Mb
--- LOOPS s = 2
---   15 rows  12 columns  45 non-zeroes
--- Range statistics (absolute non-zero finite values)
--- RHS       [min, max] : [ 2.000E+01, 4.500E+03] - Zero values observed as well
--- Bound     [min, max] : [ 1.000E+02, 1.000E+02] - Zero values observed as well
--- Matrix    [min, max] : [ 1.000E+00, 1.500E+02]
--- Executing CPLEX (Solvelink=2): elapsed 0:00:00.074

IBM ILOG CPLEX   49.1.0 5c4d4ed6 Feb 15, 2025          WEI x86 64bit/MS Window

*** This solver runs with a demo license. No commercial use.
--- GMO setup time: 0.00s
--- GMO memory 0.50 Mb (peak 0.50 Mb)
--- Dictionary memory 0.00 Mb
--- Cplex 22.1.2.0 link memory 0.00 Mb (peak 0.00 Mb)
--- Starting Cplex

Version identifier: 22.1.2.0 | 2024-11-25 | 0edbb82fd
CPXPARAM_Advance                                 2
CPXPARAM_Simplex_Display                         2
CPXPARAM_MIP_Display                             4
CPXPARAM_MIP_Pool_Capacity                       0
CPXPARAM_MIP_Tolerances_AbsMIPGap                0
Tried aggregator 1 time.
LP Presolve eliminated 9 rows and 2 columns.
Reduced LP has 5 rows, 10 columns, and 22 nonzeros.
Presolve time = 0.00 sec. (0.01 ticks)

Iteration      Dual Objective            In Variable           Out Variable
     1           49308.839779                            2           30563.535912                            3           22016.923077                   x(3)         omez0(1) artif
     4           21508.181818                  yp(1)         omez0(4) artif
     5           20380.000000                  yp(4)         omez0(2) artif
     6           19762.413793                   x(1)                  yp(1)
     7           19547.943925                  ym(2)         omez0(3) artif
     8           19256.666667                  yp(3)                   x(3)

--- LP status (1): optimal.
--- Cplex Time: 0.00sec (det. 0.04 ticks)


Optimal solution found
Objective:        19256.666667

--- Reading solution for model vyroba
--- Executing after solve: elapsed 0:00:00.107
--- TS_WS.gms(72) 4 Mb
--- Generating LP model vyroba
--- TS_WS.gms(76) 4 Mb
--- LOOPS s = 3
---   15 rows  12 columns  45 non-zeroes
--- Range statistics (absolute non-zero finite values)
--- RHS       [min, max] : [ 2.000E+01, 4.500E+03] - Zero values observed as well
--- Bound     [min, max] : [ 1.000E+02, 1.000E+02] - Zero values observed as well
--- Matrix    [min, max] : [ 1.000E+00, 1.500E+02]
--- Executing CPLEX (Solvelink=2): elapsed 0:00:00.107

IBM ILOG CPLEX   49.1.0 5c4d4ed6 Feb 15, 2025          WEI x86 64bit/MS Window

*** This solver runs with a demo license. No commercial use.
--- GMO setup time: 0.00s
--- GMO memory 0.50 Mb (peak 0.50 Mb)
--- Dictionary memory 0.00 Mb
--- Cplex 22.1.2.0 link memory 0.00 Mb (peak 0.00 Mb)
--- Starting Cplex

Version identifier: 22.1.2.0 | 2024-11-25 | 0edbb82fd
CPXPARAM_Advance                                 2
CPXPARAM_Simplex_Display                         2
CPXPARAM_MIP_Display                             4
CPXPARAM_MIP_Pool_Capacity                       0
CPXPARAM_MIP_Tolerances_AbsMIPGap                0
Tried aggregator 1 time.
LP Presolve eliminated 9 rows and 2 columns.
Reduced LP has 5 rows, 10 columns, and 22 nonzeros.
Presolve time = 0.02 sec. (0.01 ticks)

Iteration      Dual Objective            In Variable           Out Variable
     1           32500.000000                   x(1)         omez0(1) artif
     2           21700.000000                            3           20644.000000                   x(2)         omez0(2) artif
     4           19235.714286                  ym(1)         omez0(4) artif
     5           17579.870130                   x(3)                   x(2)
     6           16817.272727                  ym(2)                   x(1)
     7           16508.181818                  ym(3)         omez0(3) artif

--- LP status (1): optimal.
--- Cplex Time: 0.02sec (det. 0.04 ticks)


Optimal solution found
Objective:        16508.181818

--- Reading solution for model vyroba
--- Executing after solve: elapsed 0:00:00.153
--- TS_WS.gms(116) 4 Mb
--- Putfile out C:\projekt\TS\vysledky.txt
*** Status: Normal completion
--- Job TS_WS.gms Stop 04/29/25 19:08:45 elapsed 0:00:00.153
